Added Component: Designator=C1(CAPR5-4X5)
Added Component: Designator=C2(CAPR5-4X5)
Added Component: Designator=C3(CAPR5-4X5)
Added Component: Designator=C4(C1206)
Added Component: Designator=C5(C1206)
Added Component: Designator=C6(1608[0603])
Added Component: Designator=C7(C1206)
Added Component: Designator=C8(CAPR5-4X5)
Added Component: Designator=C9(C1206)
Added Component: Designator=C10(CAPR5-4X5)
Added Component: Designator=J1(KLD-0202)
Added Component: Designator=J2(JACK/6-V2)
Added Component: Designator=J3(JACK/6-V2)
Added Component: Designator=R1(J1-0603)
Added Component: Designator=R2(J1-0603)
Added Component: Designator=R3(J1-0603)
Added Component: Designator=R4(J1-0603)
Added Component: Designator=R5(J1-0603)
Added Component: Designator=R6(VR5)
Added Component: Designator=R7(J1-0603)
Added Component: Designator=R8(J1-0603)
Added Component: Designator=R9(J1-0603)
Added Component: Designator=R10(J1-0603)
Added Component: Designator=R11(J1-0603)
Added Component: Designator=R12(J1-0603)
Added Component: Designator=R13(VR5)
Added Component: Designator=R14(J1-0603)
Added Component: Designator=V1(VTUBE-9)
Added Room: Name=Sheet1
